[debug] [2025-07-27T09:33:52.352Z] ----------------------------------------------------------------------
[debug] [2025-07-27T09:33:52.364Z] Command:       C:\Program Files\nodejs\node.exe C:\Users\Lenovo\AppData\Roaming\npm\node_modules\firebase-tools\lib\bin\firebase.js init
[debug] [2025-07-27T09:33:52.365Z] CLI Version:   14.7.0
[debug] [2025-07-27T09:33:52.365Z] Platform:      win32
[debug] [2025-07-27T09:33:52.365Z] Node Version:  v20.17.0
[debug] [2025-07-27T09:33:52.365Z] Time:          Sun Jul 27 2025 15:03:52 GMT+0530 (India Standard Time)
[debug] [2025-07-27T09:33:52.365Z] ----------------------------------------------------------------------
[debug] 
[debug] [2025-07-27T09:33:52.368Z] >>> [apiv2][query] GET https://firebase-public.firebaseio.com/cli.json [none]
[debug] [2025-07-27T09:33:52.449Z] > command requires scopes: ["email","openid","https://www.googleapis.com/auth/cloudplatformprojects.readonly","https://www.googleapis.com/auth/firebase","https://www.googleapis.com/auth/cloud-platform"]
[debug] [2025-07-27T09:33:52.450Z] > authorizing via signed-in user (wmkavinduudhara@gmail.com)
[info] 
     ######## #### ########  ######## ########     ###     ######  ########
     ##        ##  ##     ## ##       ##     ##  ##   ##  ##       ##
     ######    ##  ########  ######   ########  #########  ######  ######
     ##        ##  ##    ##  ##       ##     ## ##     ##       ## ##
     ##       #### ##     ## ######## ########  ##     ##  ######  ########

You're about to initialize a Firebase project in this directory:

  F:\repos\extract-data-from-firebase-documenations

[debug] [2025-07-27T09:33:53.872Z] <<< [apiv2][status] GET https://firebase-public.firebaseio.com/cli.json 200
[debug] [2025-07-27T09:33:53.873Z] <<< [apiv2][body] GET https://firebase-public.firebaseio.com/cli.json {"cloudBuildErrorAfter":1594252800000,"cloudBuildWarnAfter":1590019200000,"defaultNode10After":1594252800000,"minVersion":"3.0.5","node8DeploysDisabledAfter":1613390400000,"node8RuntimeDisabledAfter":1615809600000,"node8WarnAfter":1600128000000}
[debug] [2025-07-27T09:35:08.615Z] ExitPromptError: User force closed the prompt with SIGINT
    at Interface.sigint (C:\Users\Lenovo\AppData\Roaming\npm\node_modules\firebase-tools\node_modules\@inquirer\core\dist\commonjs\lib\create-prompt.js:101:37)
    at Interface.emit (node:events:519:28)
    at Interface.emit (node:domain:488:12)
    at [_ttyWrite] [as _ttyWrite] (node:internal/readline/interface:1126:18)
    at ReadStream.onkeypress (node:internal/readline/interface:265:20)
    at ReadStream.emit (node:events:531:35)
    at ReadStream.emit (node:domain:488:12)
    at emitKeys (node:internal/readline/utils:371:14)
    at emitKeys.next (<anonymous>)
    at ReadStream.onData (node:internal/readline/emitKeypressEvents:64:36)
[error] 
[error] Error: An unexpected error has occurred.
